[fix-attrs.d] applying owners & permissions fixes...
[fix-attrs.d] 00-runscripts: applying... 
[fix-attrs.d] 00-runscripts: exited 0.
[fix-attrs.d] done.
[cont-init.d] executing container initialization scripts...
[cont-init.d] userconf: executing... 
Adding user `rstudio' to group `sudo' ...
Adding user rstudio to group sudo
Done.
rstudio added to sudoers
[cont-init.d] userconf: exited 0.
[cont-init.d] done.
[services.d] starting services
[services.d] done.
[fix-attrs.d] applying owners & permissions fixes...
[fix-attrs.d] 00-runscripts: applying... 
[fix-attrs.d] 00-runscripts: exited 0.
[fix-attrs.d] done.
[cont-init.d] executing container initialization scripts...
[cont-init.d] userconf: executing... 
Adding user `rstudio' to group `sudo' ...
Adding user rstudio to group sudo
Done.
rstudio added to sudoers
[cont-init.d] userconf: exited 0.
[cont-init.d] done.
[services.d] starting services
[services.d] done.
